<?xml version="1.0" encoding="UTF-8"?>
<!-- Generated by org.testng.reporters.JUnitReportReporter -->
<testsuite hostname="iDeliver26" name="mavenproject.UFTDeveloperTest" tests="1" failures="0" timestamp="15 Apr 2021 18:09:32 GMT" time="47.391" errors="0">
  <testcase name="test" time="47.391" classname="mavenproject.UFTDeveloperTest"/>
</testsuite> <!-- mavenproject.UFTDeveloperTest -->
